<?xml version="1.0" encoding="UTF-8"?>
<!-- Generated by org.testng.reporters.JUnitReportReporter -->
<testsuite hostname="Shivagowri" failures="0" tests="1" name="BaseUI.TestBook" time="84.878" errors="0" timestamp="2023-06-30T22:38:39 IST" skipped="0">
  <testcase classname="BaseUI.TestBook" name="run" time="84.878"/>
</testsuite> <!-- BaseUI.TestBook -->
